2015-07-29 22:14:59 Error: [MissingViewException] View file "Students/index.ctp" is missing.
Exception Attributes: array (
  'file' => 'Students/index.ctp',
)
Request URL: /university/students
Stack Trace:
#0 /var/www/cakephp/lib/Cake/View/View.php(470): View->_getViewFileName(NULL)
#1 /var/www/cakephp/lib/Cake/Controller/Controller.php(960): View->render(NULL, NULL)
#2 /var/www/cakephp/lib/Cake/Routing/Dispatcher.php(200): Controller->render()
#3 /var/www/cakephp/lib/Cake/Routing/Dispatcher.php(167): Dispatcher->_invoke(Object(StudentsController), Object(CakeRequest))
#4 /var/www/university/webroot/index.php(109): Dispatcher->dispatch(Object(CakeRequest), Object(CakeResponse))
#5 {main}
2015-07-29 22:36:11 Error: Fatal Error (4): syntax error, unexpected 'new' (T_NEW), expecting identifier (T_STRING) in [/var/www/university/Controller/StudentsController.php, line 10]
2015-07-29 22:36:11 Error: [FatalErrorException] syntax error, unexpected 'new' (T_NEW), expecting identifier (T_STRING)
Request URL: /university/students/new
Stack Trace:
#0 /var/www/cakephp/lib/Cake/Error/ErrorHandler.php(213): ErrorHandler::handleFatalError(4, 'syntax error, u...', '/var/www/univer...', 10)
#1 [internal function]: ErrorHandler::handleError(4, 'syntax error, u...', '/var/www/univer...', 10, Array)
#2 /var/www/cakephp/lib/Cake/Core/App.php(933): call_user_func('ErrorHandler::h...', 4, 'syntax error, u...', '/var/www/univer...', 10, Array)
#3 /var/www/cakephp/lib/Cake/Core/App.php(906): App::_checkFatalError()
#4 [internal function]: App::shutdown()
#5 {main}
2015-07-30 10:40:38 Error: Fatal Error (4): syntax error, unexpected '{' in [/var/www/university/Controller/StudentsController.php, line 12]
2015-07-30 10:40:38 Error: [FatalErrorException] syntax error, unexpected '{'
Request URL: /university/students/add
Stack Trace:
#0 /var/www/cakephp/lib/Cake/Error/ErrorHandler.php(213): ErrorHandler::handleFatalError(4, 'syntax error, u...', '/var/www/univer...', 12)
#1 [internal function]: ErrorHandler::handleError(4, 'syntax error, u...', '/var/www/univer...', 12, Array)
#2 /var/www/cakephp/lib/Cake/Core/App.php(933): call_user_func('ErrorHandler::h...', 4, 'syntax error, u...', '/var/www/univer...', 12, Array)
#3 /var/www/cakephp/lib/Cake/Core/App.php(906): App::_checkFatalError()
#4 [internal function]: App::shutdown()
#5 {main}
2015-07-30 10:41:12 Error: Fatal Error (4): syntax error, unexpected '{' in [/var/www/university/Controller/StudentsController.php, line 12]
2015-07-30 10:41:12 Error: [FatalErrorException] syntax error, unexpected '{'
Request URL: /university/students/add
Stack Trace:
#0 /var/www/cakephp/lib/Cake/Error/ErrorHandler.php(213): ErrorHandler::handleFatalError(4, 'syntax error, u...', '/var/www/univer...', 12)
#1 [internal function]: ErrorHandler::handleError(4, 'syntax error, u...', '/var/www/univer...', 12, Array)
#2 /var/www/cakephp/lib/Cake/Core/App.php(933): call_user_func('ErrorHandler::h...', 4, 'syntax error, u...', '/var/www/univer...', 12, Array)
#3 /var/www/cakephp/lib/Cake/Core/App.php(906): App::_checkFatalError()
#4 [internal function]: App::shutdown()
#5 {main}
2015-07-30 10:43:50 Error: Fatal Error (4): syntax error, unexpected '{' in [/var/www/university/Controller/StudentsController.php, line 12]
2015-07-30 10:43:50 Error: [FatalErrorException] syntax error, unexpected '{'
Request URL: /university/students/add
Stack Trace:
#0 /var/www/cakephp/lib/Cake/Error/ErrorHandler.php(213): ErrorHandler::handleFatalError(4, 'syntax error, u...', '/var/www/univer...', 12)
#1 [internal function]: ErrorHandler::handleError(4, 'syntax error, u...', '/var/www/univer...', 12, Array)
#2 /var/www/cakephp/lib/Cake/Core/App.php(933): call_user_func('ErrorHandler::h...', 4, 'syntax error, u...', '/var/www/univer...', 12, Array)
#3 /var/www/cakephp/lib/Cake/Core/App.php(906): App::_checkFatalError()
#4 [internal function]: App::shutdown()
#5 {main}
2015-07-30 10:43:53 Error: Fatal Error (4): syntax error, unexpected '{' in [/var/www/university/Controller/StudentsController.php, line 12]
2015-07-30 10:43:53 Error: [FatalErrorException] syntax error, unexpected '{'
Request URL: /university/students/add
Stack Trace:
#0 /var/www/cakephp/lib/Cake/Error/ErrorHandler.php(213): ErrorHandler::handleFatalError(4, 'syntax error, u...', '/var/www/univer...', 12)
#1 [internal function]: ErrorHandler::handleError(4, 'syntax error, u...', '/var/www/univer...', 12, Array)
#2 /var/www/cakephp/lib/Cake/Core/App.php(933): call_user_func('ErrorHandler::h...', 4, 'syntax error, u...', '/var/www/univer...', 12, Array)
#3 /var/www/cakephp/lib/Cake/Core/App.php(906): App::_checkFatalError()
#4 [internal function]: App::shutdown()
#5 {main}
2015-07-30 10:44:11 Error: Fatal Error (4): syntax error, unexpected '$this' (T_VARIABLE) in [/var/www/university/Controller/StudentsController.php, line 13]
2015-07-30 10:44:11 Error: [FatalErrorException] syntax error, unexpected '$this' (T_VARIABLE)
Request URL: /university/students/add
Stack Trace:
#0 /var/www/cakephp/lib/Cake/Error/ErrorHandler.php(213): ErrorHandler::handleFatalError(4, 'syntax error, u...', '/var/www/univer...', 13)
#1 [internal function]: ErrorHandler::handleError(4, 'syntax error, u...', '/var/www/univer...', 13, Array)
#2 /var/www/cakephp/lib/Cake/Core/App.php(933): call_user_func('ErrorHandler::h...', 4, 'syntax error, u...', '/var/www/univer...', 13, Array)
#3 /var/www/cakephp/lib/Cake/Core/App.php(906): App::_checkFatalError()
#4 [internal function]: App::shutdown()
#5 {main}
2015-07-30 10:44:35 Error: Fatal Error (4): syntax error, unexpected '{' in [/var/www/university/Controller/StudentsController.php, line 12]
2015-07-30 10:44:35 Error: [FatalErrorException] syntax error, unexpected '{'
Request URL: /university/students/add
Stack Trace:
#0 /var/www/cakephp/lib/Cake/Error/ErrorHandler.php(213): ErrorHandler::handleFatalError(4, 'syntax error, u...', '/var/www/univer...', 12)
#1 [internal function]: ErrorHandler::handleError(4, 'syntax error, u...', '/var/www/univer...', 12, Array)
#2 /var/www/cakephp/lib/Cake/Core/App.php(933): call_user_func('ErrorHandler::h...', 4, 'syntax error, u...', '/var/www/univer...', 12, Array)
#3 /var/www/cakephp/lib/Cake/Core/App.php(906): App::_checkFatalError()
#4 [internal function]: App::shutdown()
#5 {main}
2015-07-30 10:44:44 Error: [MissingViewException] View file "Students/add.ctp" is missing.
Exception Attributes: array (
  'file' => 'Students/add.ctp',
)
Request URL: /university/students/add
Stack Trace:
#0 /var/www/cakephp/lib/Cake/View/View.php(470): View->_getViewFileName(NULL)
#1 /var/www/cakephp/lib/Cake/Controller/Controller.php(960): View->render(NULL, NULL)
#2 /var/www/cakephp/lib/Cake/Routing/Dispatcher.php(200): Controller->render()
#3 /var/www/cakephp/lib/Cake/Routing/Dispatcher.php(167): Dispatcher->_invoke(Object(StudentsController), Object(CakeRequest))
#4 /var/www/university/webroot/index.php(109): Dispatcher->dispatch(Object(CakeRequest), Object(CakeResponse))
#5 {main}
2015-07-30 10:44:53 Error: Fatal Error (4): syntax error, unexpected 'new' (T_NEW), expecting identifier (T_STRING) in [/var/www/university/Controller/StudentsController.php, line 10]
2015-07-30 10:44:53 Error: [FatalErrorException] syntax error, unexpected 'new' (T_NEW), expecting identifier (T_STRING)
Request URL: /university/students/add
Stack Trace:
#0 /var/www/cakephp/lib/Cake/Error/ErrorHandler.php(213): ErrorHandler::handleFatalError(4, 'syntax error, u...', '/var/www/univer...', 10)
#1 [internal function]: ErrorHandler::handleError(4, 'syntax error, u...', '/var/www/univer...', 10, Array)
#2 /var/www/cakephp/lib/Cake/Core/App.php(933): call_user_func('ErrorHandler::h...', 4, 'syntax error, u...', '/var/www/univer...', 10, Array)
#3 /var/www/cakephp/lib/Cake/Core/App.php(906): App::_checkFatalError()
#4 [internal function]: App::shutdown()
#5 {main}
2015-07-30 10:45:00 Error: [MissingViewException] View file "Students/add.ctp" is missing.
Exception Attributes: array (
  'file' => 'Students/add.ctp',
)
Request URL: /university/students/add
Stack Trace:
#0 /var/www/cakephp/lib/Cake/View/View.php(470): View->_getViewFileName(NULL)
#1 /var/www/cakephp/lib/Cake/Controller/Controller.php(960): View->render(NULL, NULL)
#2 /var/www/cakephp/lib/Cake/Routing/Dispatcher.php(200): Controller->render()
#3 /var/www/cakephp/lib/Cake/Routing/Dispatcher.php(167): Dispatcher->_invoke(Object(StudentsController), Object(CakeRequest))
#4 /var/www/university/webroot/index.php(109): Dispatcher->dispatch(Object(CakeRequest), Object(CakeResponse))
#5 {main}
2015-07-30 10:45:25 Error: [MissingViewException] View file "Students/add.ctp" is missing.
Exception Attributes: array (
  'file' => 'Students/add.ctp',
)
Request URL: /university/students/add
Stack Trace:
#0 /var/www/cakephp/lib/Cake/View/View.php(470): View->_getViewFileName(NULL)
#1 /var/www/cakephp/lib/Cake/Controller/Controller.php(960): View->render(NULL, NULL)
#2 /var/www/cakephp/lib/Cake/Routing/Dispatcher.php(200): Controller->render()
#3 /var/www/cakephp/lib/Cake/Routing/Dispatcher.php(167): Dispatcher->_invoke(Object(StudentsController), Object(CakeRequest))
#4 /var/www/university/webroot/index.php(109): Dispatcher->dispatch(Object(CakeRequest), Object(CakeResponse))
#5 {main}
2015-07-30 13:25:34 Error: Fatal Error (4): syntax error, unexpected '$this' (T_VARIABLE) in [/var/www/university/Controller/StudentsController.php, line 8]
2015-07-30 13:25:34 Error: [FatalErrorException] syntax error, unexpected '$this' (T_VARIABLE)
Request URL: /university/students
Stack Trace:
#0 /var/www/cakephp/lib/Cake/Error/ErrorHandler.php(213): ErrorHandler::handleFatalError(4, 'syntax error, u...', '/var/www/univer...', 8)
#1 [internal function]: ErrorHandler::handleError(4, 'syntax error, u...', '/var/www/univer...', 8, Array)
#2 /var/www/cakephp/lib/Cake/Core/App.php(933): call_user_func('ErrorHandler::h...', 4, 'syntax error, u...', '/var/www/univer...', 8, Array)
#3 /var/www/cakephp/lib/Cake/Core/App.php(906): App::_checkFatalError()
#4 [internal function]: App::shutdown()
#5 {main}
2015-07-30 14:12:04 Error: Fatal Error (4): syntax error, unexpected '$this' (T_VARIABLE), expecting ':' in [/var/www/university/Controller/StudentsController.php, line 17]
2015-07-30 14:12:04 Error: [FatalErrorException] syntax error, unexpected '$this' (T_VARIABLE), expecting ':'
Request URL: /university/students
Stack Trace:
#0 /var/www/cakephp/lib/Cake/Error/ErrorHandler.php(213): ErrorHandler::handleFatalError(4, 'syntax error, u...', '/var/www/univer...', 17)
#1 [internal function]: ErrorHandler::handleError(4, 'syntax error, u...', '/var/www/univer...', 17, Array)
#2 /var/www/cakephp/lib/Cake/Core/App.php(933): call_user_func('ErrorHandler::h...', 4, 'syntax error, u...', '/var/www/univer...', 17, Array)
#3 /var/www/cakephp/lib/Cake/Core/App.php(906): App::_checkFatalError()
#4 [internal function]: App::shutdown()
#5 {main}
2015-07-30 14:12:17 Error: Fatal Error (4): syntax error, unexpected 'else' (T_ELSE) in [/var/www/university/Controller/StudentsController.php, line 16]
2015-07-30 14:12:17 Error: [FatalErrorException] syntax error, unexpected 'else' (T_ELSE)
Request URL: /university/students
Stack Trace:
#0 /var/www/cakephp/lib/Cake/Error/ErrorHandler.php(213): ErrorHandler::handleFatalError(4, 'syntax error, u...', '/var/www/univer...', 16)
#1 [internal function]: ErrorHandler::handleError(4, 'syntax error, u...', '/var/www/univer...', 16, Array)
#2 /var/www/cakephp/lib/Cake/Core/App.php(933): call_user_func('ErrorHandler::h...', 4, 'syntax error, u...', '/var/www/univer...', 16, Array)
#3 /var/www/cakephp/lib/Cake/Core/App.php(906): App::_checkFatalError()
#4 [internal function]: App::shutdown()
#5 {main}
